<?xml version="1.0" encoding="UTF-8"?>
<testsuite name="footballmanager.TestChelseaFC" tests="1" skipped="0" failures="0" errors="0" timestamp="2021-12-19T16:04:57" hostname="MacBook-Pro.local" time="0.014">
  <properties/>
  <testcase name="기능 테스트" classname="footballmanager.TestChelseaFC" time="0.014"/>
  <system-out><![CDATA[]]></system-out>
  <system-err><![CDATA[]]></system-err>
</testsuite>
